#
# There is insufficient memory for the Java Runtime Environment to continue.
# Native memory allocation (malloc) failed to allocate 353072 bytes for Chunk::new
# Possible reasons:
#   The system is out of physical RAM or swap space
#   The process is running with CompressedOops enabled, and the Java Heap may be blocking the growth of the native heap
# Possible solutions:
#   Reduce memory load on the system
#   Increase physical memory or swap space
#   Check if swap backing store is full
#   Decrease Java heap size (-Xmx/-Xms)
#   Decrease number of Java threads
#   Decrease Java thread stack sizes (-Xss)
#   Set larger code cache with -XX:ReservedCodeCacheSize=
#   JVM is running with Unscaled Compressed Oops mode in which the Java heap is
#     placed in the first 4GB address space. The Java Heap base address is the
#     maximum limit for the native heap growth. Please use -XX:HeapBaseMinAddress
#     to set the Java Heap base and to place the Java Heap above 4GB virtual address.
# This output file may be truncated or incomplete.
#
#  Out of Memory Error (arena.cpp:191), pid=18444, tid=22184
#
# JRE version: OpenJDK Runtime Environment Temurin-17.0.10+7 (17.0.10+7) (build 17.0.10+7)
# Java VM: OpenJDK 64-Bit Server VM Temurin-17.0.10+7 (17.0.10+7, mixed mode, tiered, compressed oops, compressed class ptrs, parallel gc, windows-amd64)
# No core dump will be written. Minidumps are not enabled by default on client versions of Windows
#

---------------  S U M M A R Y ------------

Command Line: --add-modules=ALL-SYSTEM --add-opens=java.base/java.util=ALL-UNNAMED --add-opens=java.base/java.lang=ALL-UNNAMED --add-opens=java.base/sun.nio.fs=ALL-UNNAMED -Declipse.application=org.eclipse.jdt.ls.core.id1 -Dosgi.bundles.defaultStartLevel=4 -Declipse.product=org.eclipse.jdt.ls.core.product -Djava.import.generatesMetadataFilesAtProjectRoot=false -DDetectVMInstallationsJob.disabled=true -Dfile.encoding=utf8 -XX:+UseParallelGC -XX:GCTimeRatio=4 -XX:AdaptiveSizePolicyWeight=90 -Dsun.zip.disableMemoryMapping=true -Xmx1G -Xms100m -Xlog:disable -javaagent:c:\Users\sindh\.vscode\extensions\redhat.java-1.28.1-win32-x64\lombok\lombok-1.18.31.jar c:\Users\sindh\.vscode\extensions\redhat.java-1.28.1-win32-x64\server\plugins\org.eclipse.equinox.launcher_1.6.700.v20231214-2017.jar -configuration c:\Users\sindh\AppData\Roaming\Code\User\globalStorage\redhat.java\1.28.1\config_ss_win -data c:\Users\sindh\AppData\Roaming\Code\User\workspaceStorage\5aef0781d2a4e58c8c391b6bab7d8f50\redhat.java\ss_ws --stdio

Host: Intel(R) Core(TM) i5-8365U CPU @ 1.60GHz, 8 cores, 15G,  Windows 11 , 64 bit Build 22621 (10.0.22621.3235)
Time: Mon Apr  1 16:44:09 2024 Central Daylight Time elapsed time: 1.206777 seconds (0d 0h 0m 1s)

---------------  T H R E A D  ---------------

Current thread (0x000002137ec23d20):  JavaThread "C2 CompilerThread2" daemon [_thread_in_native, id=22184, stack(0x0000001b22b00000,0x0000001b22c00000)]


Current CompileTask:
C2:   1206  581       4       lombok.patcher.scripts.MethodLevelPatchScript::patch (21 bytes)

Stack: [0x0000001b22b00000,0x0000001b22c00000]
Native frames: (J=compiled Java code, j=interpreted, Vv=VM code, C=native code)
V  [jvm.dll+0x67d2c9]
V  [jvm.dll+0x834afa]
V  [jvm.dll+0x8365be]
V  [jvm.dll+0x836c23]
V  [jvm.dll+0x2477ff]
V  [jvm.dll+0xac514]
V  [jvm.dll+0xacb5c]
V  [jvm.dll+0x3667d7]
V  [jvm.dll+0x330bfa]
V  [jvm.dll+0x33009a]
V  [jvm.dll+0x219ef1]
V  [jvm.dll+0x219311]
V  [jvm.dll+0x1a502d]
V  [jvm.dll+0x2290de]
V  [jvm.dll+0x2272ac]
V  [jvm.dll+0x7e9bb7]
V  [jvm.dll+0x7e3fba]
V  [jvm.dll+0x67c1b5]
C  [ucrtbase.dll+0x29363]
C  [KERNEL32.DLL+0x1257d]
C  [ntdll.dll+0x5aa58]


---------------  P R O C E S S  ---------------

Threads class SMR info:
_java_thread_list=0x00000213133fefa0, length=14, elements={
0x0000021376a5ff50, 0x000002137d842020, 0x000002137d843350, 0x000002137d84abd0,
0x000002137d84b600, 0x000002137d84c190, 0x000002137d84e410, 0x000002137e8c7160,
0x000002137e8cde40, 0x000002137e8deed0, 0x000002137e98af90, 0x000002137ea3bab0,
0x000002137ebaf0e0, 0x000002137ec23d20
}

Java Threads: ( => current thread )
  0x0000021376a5ff50 JavaThread "main" [_thread_in_native_trans, id=27696, stack(0x0000001b21b00000,0x0000001b21c00000)]
  0x000002137d842020 JavaThread "Reference Handler" daemon [_thread_blocked, id=10312, stack(0x0000001b21e00000,0x0000001b21f00000)]
  0x000002137d843350 JavaThread "Finalizer" daemon [_thread_blocked, id=19432, stack(0x0000001b21f00000,0x0000001b22000000)]
  0x000002137d84abd0 JavaThread "Signal Dispatcher" daemon [_thread_blocked, id=17908, stack(0x0000001b22000000,0x0000001b22100000)]
  0x000002137d84b600 JavaThread "Attach Listener" daemon [_thread_blocked, id=28168, stack(0x0000001b22100000,0x0000001b22200000)]
  0x000002137d84c190 JavaThread "Service Thread" daemon [_thread_blocked, id=29940, stack(0x0000001b22200000,0x0000001b22300000)]
  0x000002137d84e410 JavaThread "Monitor Deflation Thread" daemon [_thread_blocked, id=3252, stack(0x0000001b22300000,0x0000001b22400000)]
  0x000002137e8c7160 JavaThread "C2 CompilerThread0" daemon [_thread_in_native, id=16528, stack(0x0000001b22400000,0x0000001b22500000)]
  0x000002137e8cde40 JavaThread "C1 CompilerThread0" daemon [_thread_in_native, id=7500, stack(0x0000001b22500000,0x0000001b22600000)]
  0x000002137e8deed0 JavaThread "Sweeper thread" daemon [_thread_blocked, id=27424, stack(0x0000001b22600000,0x0000001b22700000)]
  0x000002137e98af90 JavaThread "Common-Cleaner" daemon [_thread_blocked, id=27804, stack(0x0000001b22700000,0x0000001b22800000)]
  0x000002137ea3bab0 JavaThread "C2 CompilerThread1" daemon [_thread_in_native, id=9660, stack(0x0000001b22800000,0x0000001b22900000)]
  0x000002137ebaf0e0 JavaThread "Notification Thread" daemon [_thread_blocked, id=26796, stack(0x0000001b22900000,0x0000001b22a00000)]
=>0x000002137ec23d20 JavaThread "C2 CompilerThread2" daemon [_thread_in_native, id=22184, stack(0x0000001b22b00000,0x0000001b22c00000)]

Other Threads:
  0x000002137e8a14b0 VMThread "VM Thread" [stack: 0x0000001b21d00000,0x0000001b21e00000] [id=30028]
  0x000002137ebaf5c0 WatcherThread [stack: 0x0000001b22a00000,0x0000001b22b00000] [id=28500]
  0x0000021376a76110 GCTaskThread "GC Thread#0" [stack: 0x0000001b21c00000,0x0000001b21d00000] [id=26604]

Threads with active compile tasks:
C2 CompilerThread0     1245  602       4       lombok.patcher.PatchScript::classMatches (41 bytes)
C1 CompilerThread0     1245  646   !   3       java.lang.String::<init> (843 bytes)
C2 CompilerThread1     1245  594       4       java.lang.invoke.VarHandleGuards::guard_LI_I (78 bytes)
C2 CompilerThread2     1245  581       4       lombok.patcher.scripts.MethodLevelPatchScript::patch (21 bytes)

VM state: not at safepoint (normal execution)

VM Mutex/Monitor currently owned by a thread: None

Heap address: 0x00000000c0000000, size: 1024 MB, Compressed Oops mode: 32-bit

CDS archive(s) not mapped
Compressed class space mapped at: 0x0000000100000000-0x0000000140000000, reserved size: 1073741824
Narrow klass base: 0x0000000000000000, Narrow klass shift: 3, Narrow klass range: 0x140000000

GC Precious Log:
 CPUs: 8 total, 8 available
 Memory: 16099M
 Large Page Support: Disabled
 NUMA Support: Disabled
 Compressed Oops: Enabled (32-bit)
 Alignments: Space 512K, Generation 512K, Heap 2M
 Heap Min Capacity: 100M
 Heap Initial Capacity: 100M
 Heap Max Capacity: 1G
 Pre-touch: Disabled
 Parallel Workers: 8

Heap:
 PSYoungGen      total 29696K, used 15316K [0x00000000eab00000, 0x00000000ecc00000, 0x0000000100000000)
  eden space 25600K, 59% used [0x00000000eab00000,0x00000000eb9f5018,0x00000000ec400000)
  from space 4096K, 0% used [0x00000000ec800000,0x00000000ec800000,0x00000000ecc00000)
  to   space 4096K, 0% used [0x00000000ec400000,0x00000000ec400000,0x00000000ec800000)
 ParOldGen       total 68608K, used 0K [0x00000000c0000000, 0x00000000c4300000, 0x00000000eab00000)
  object space 68608K, 0% used [0x00000000c0000000,0x00000000c0000000,0x00000000c4300000)
 Metaspace       used 9200K, committed 9344K, reserved 1114112K
  class space    used 911K, committed 960K, reserved 1048576K

Card table byte_map: [0x000002137b0c0000,0x000002137b2d0000] _byte_map_base: 0x000002137aac0000

Marking Bits: (ParMarkBitMap*) 0x00007ffd6088d7d0
 Begin Bits: [0x000002137b430000, 0x000002137c430000)
 End Bits:   [0x000002137c430000, 0x000002137d430000)

Polling page: 0x0000021376b10000

Metaspace:

Usage:
  Non-class:      8.10 MB used.
      Class:    911.31 KB used.
       Both:      8.99 MB used.

Virtual space:
  Non-class space:       64.00 MB reserved,       8.19 MB ( 13%) committed,  1 nodes.
      Class space:        1.00 GB reserved,     960.00 KB ( <1%) committed,  1 nodes.
             Both:        1.06 GB reserved,       9.12 MB ( <1%) committed. 

Chunk freelists:
   Non-Class:  6.92 MB
       Class:  15.08 MB
        Both:  22.00 MB

MaxMetaspaceSize: unlimited
CompressedClassSpaceSize: 1.00 GB
Initial GC threshold: 21.00 MB
Current GC threshold: 21.00 MB
CDS: off
MetaspaceReclaimPolicy: balanced
 - commit_granule_bytes: 65536.
 - commit_granule_words: 8192.
 - virtual_space_node_default_size: 8388608.
 - enlarge_chunks_in_place: 1.
 - new_chunks_are_fully_committed: 0.
 - uncommit_free_chunks: 1.
 - use_allocation_guard: 0.
 - handle_deallocations: 1.


Internal statistics:

num_allocs_failed_limit: 0.
num_arena_births: 10.
num_arena_deaths: 0.
num_vsnodes_births: 2.
num_vsnodes_deaths: 0.
num_space_committed: 146.
num_space_uncommitted: 0.
num_chunks_returned_to_freelist: 0.
num_chunks_taken_from_freelist: 46.
num_chunk_merges: 0.
num_chunk_splits: 27.
num_chunks_enlarged: 25.
num_inconsistent_stats: 0.

CodeHeap 'non-profiled nmethods': size=120000Kb used=231Kb max_used=231Kb free=119768Kb
 bounds [0x0000021307ad0000, 0x0000021307d40000, 0x000002130f000000]
CodeHeap 'profiled nmethods': size=120000Kb used=978Kb max_used=978Kb free=119021Kb
 bounds [0x0000021300000000, 0x0000021300270000, 0x0000021307530000]
CodeHeap 'non-nmethods': size=5760Kb used=1133Kb max_used=1167Kb free=4626Kb
 bounds [0x0000021307530000, 0x00000213077a0000, 0x0000021307ad0000]
 total_blobs=1058 nmethods=635 adapters=338
 compilation: enabled
              stopped_count=0, restarted_count=0
 full_count=0

Compilation events (20 events):
Event: 1.185 Thread 0x000002137e8cde40  617       3       java.lang.Character::charCount (12 bytes)
Event: 1.185 Thread 0x000002137e8cde40 nmethod 617 0x00000213000e6190 code [0x00000213000e6320, 0x00000213000e6498]
Event: 1.185 Thread 0x000002137e8cde40  613       1       java.util.concurrent.ConcurrentHashMap$MapEntry::getKey (5 bytes)
Event: 1.185 Thread 0x000002137e8cde40 nmethod 613 0x0000021307b06b90 code [0x0000021307b06d20, 0x0000021307b06df8]
Event: 1.185 Thread 0x000002137e8cde40  614       1       java.util.concurrent.ConcurrentHashMap$MapEntry::getValue (5 bytes)
Event: 1.186 Thread 0x000002137e8cde40 nmethod 614 0x0000021307b06e90 code [0x0000021307b07020, 0x0000021307b070f8]
Event: 1.191 Thread 0x000002137e8cde40  623       3       java.lang.StringBuilder::<init> (6 bytes)
Event: 1.191 Thread 0x000002137e8cde40 nmethod 623 0x00000213000e6510 code [0x00000213000e66a0, 0x00000213000e67e8]
Event: 1.191 Thread 0x000002137e8cde40  625       3       java.lang.StringBuilder::append (8 bytes)
Event: 1.191 Thread 0x000002137e8cde40 nmethod 625 0x00000213000e6890 code [0x00000213000e6a20, 0x00000213000e6b68]
Event: 1.191 Thread 0x000002137e8cde40  624       3       java.lang.AbstractStringBuilder::<init> (63 bytes)
Event: 1.192 Thread 0x000002137e8cde40 nmethod 624 0x00000213000e6c10 code [0x00000213000e6e00, 0x00000213000e7378]
Event: 1.192 Thread 0x000002137e8cde40  627   !   3       java.util.zip.Inflater::inflate (418 bytes)
Event: 1.195 Thread 0x000002137e8cde40 nmethod 627 0x00000213000e7610 code [0x00000213000e78e0, 0x00000213000e8a88]
Event: 1.195 Thread 0x000002137e8cde40  630       3       java.io.WinNTFileSystem::normalize (224 bytes)
Event: 1.199 Thread 0x000002137e8cde40 nmethod 630 0x00000213000e9490 code [0x00000213000e9880, 0x00000213000eb3f8]
Event: 1.199 Thread 0x000002137e8cde40  631       3       java.io.WinNTFileSystem::normalize (143 bytes)
Event: 1.201 Thread 0x000002137e8cde40 nmethod 631 0x00000213000ebe90 code [0x00000213000ec120, 0x00000213000eccf8]
Event: 1.201 Thread 0x000002137e8cde40  629       3       java.lang.StringLatin1::indexOf (25 bytes)
Event: 1.201 Thread 0x000002137e8cde40 nmethod 629 0x00000213000ed190 code [0x00000213000ed340, 0x00000213000ed548]

GC Heap History (0 events):
No events

Dll operation events (8 events):
Event: 0.018 Loaded shared library c:\Users\sindh\.vscode\extensions\redhat.java-1.28.1-win32-x64\jre\17.0.10-win32-x86_64\bin\java.dll
Event: 0.360 Loaded shared library c:\Users\sindh\.vscode\extensions\redhat.java-1.28.1-win32-x64\jre\17.0.10-win32-x86_64\bin\zip.dll
Event: 0.368 Loaded shared library C:\Users\sindh\.vscode\extensions\redhat.java-1.28.1-win32-x64\jre\17.0.10-win32-x86_64\bin\instrument.dll
Event: 0.407 Loaded shared library C:\Users\sindh\.vscode\extensions\redhat.java-1.28.1-win32-x64\jre\17.0.10-win32-x86_64\bin\net.dll
Event: 0.411 Loaded shared library C:\Users\sindh\.vscode\extensions\redhat.java-1.28.1-win32-x64\jre\17.0.10-win32-x86_64\bin\nio.dll
Event: 0.439 Loaded shared library C:\Users\sindh\.vscode\extensions\redhat.java-1.28.1-win32-x64\jre\17.0.10-win32-x86_64\bin\zip.dll
Event: 0.476 Loaded shared library C:\Users\sindh\.vscode\extensions\redhat.java-1.28.1-win32-x64\jre\17.0.10-win32-x86_64\bin\jimage.dll
Event: 0.644 Loaded shared library c:\Users\sindh\.vscode\extensions\redhat.java-1.28.1-win32-x64\jre\17.0.10-win32-x86_64\bin\verify.dll

Deoptimization events (20 events):
Event: 1.067 Thread 0x0000021376a5ff50 Uncommon trap: trap_request=0xffffffde fr.pc=0x0000021307af6f44 relative=0x0000000000000124
Event: 1.067 Thread 0x0000021376a5ff50 Uncommon trap: reason=class_check action=maybe_recompile pc=0x0000021307af6f44 method=jdk.internal.misc.Unsafe.allocateUninitializedArray(Ljava/lang/Class;I)Ljava/lang/Object; @ 51 c2
Event: 1.067 Thread 0x0000021376a5ff50 DEOPT PACKING pc=0x0000021307af6f44 sp=0x0000001b21bfd850
Event: 1.067 Thread 0x0000021376a5ff50 DEOPT UNPACKING pc=0x00000213075866a3 sp=0x0000001b21bfd7f0 mode 2
Event: 1.084 Thread 0x0000021376a5ff50 Uncommon trap: trap_request=0xffffffde fr.pc=0x0000021307af6f44 relative=0x0000000000000124
Event: 1.084 Thread 0x0000021376a5ff50 Uncommon trap: reason=class_check action=maybe_recompile pc=0x0000021307af6f44 method=jdk.internal.misc.Unsafe.allocateUninitializedArray(Ljava/lang/Class;I)Ljava/lang/Object; @ 51 c2
Event: 1.084 Thread 0x0000021376a5ff50 DEOPT PACKING pc=0x0000021307af6f44 sp=0x0000001b21bfd9e0
Event: 1.084 Thread 0x0000021376a5ff50 DEOPT UNPACKING pc=0x00000213075866a3 sp=0x0000001b21bfd980 mode 2
Event: 1.084 Thread 0x0000021376a5ff50 Uncommon trap: trap_request=0xffffffde fr.pc=0x0000021307af6f44 relative=0x0000000000000124
Event: 1.084 Thread 0x0000021376a5ff50 Uncommon trap: reason=class_check action=maybe_recompile pc=0x0000021307af6f44 method=jdk.internal.misc.Unsafe.allocateUninitializedArray(Ljava/lang/Class;I)Ljava/lang/Object; @ 51 c2
Event: 1.087 Thread 0x0000021376a5ff50 DEOPT PACKING pc=0x0000021307af6f44 sp=0x0000001b21bfd9e0
Event: 1.088 Thread 0x0000021376a5ff50 DEOPT UNPACKING pc=0x00000213075866a3 sp=0x0000001b21bfd980 mode 2
Event: 1.176 Thread 0x0000021376a5ff50 Uncommon trap: trap_request=0xffffff45 fr.pc=0x0000021307af36d8 relative=0x0000000000000598
Event: 1.176 Thread 0x0000021376a5ff50 Uncommon trap: reason=unstable_if action=reinterpret pc=0x0000021307af36d8 method=java.lang.AbstractStringBuilder.append(Ljava/lang/String;)Ljava/lang/AbstractStringBuilder; @ 1 c2
Event: 1.176 Thread 0x0000021376a5ff50 DEOPT PACKING pc=0x0000021307af36d8 sp=0x0000001b21bfdcc0
Event: 1.176 Thread 0x0000021376a5ff50 DEOPT UNPACKING pc=0x00000213075866a3 sp=0x0000001b21bfdc40 mode 2
Event: 1.192 Thread 0x0000021376a5ff50 DEOPT PACKING pc=0x000002130003850c sp=0x0000001b21bfe590
Event: 1.192 Thread 0x0000021376a5ff50 DEOPT UNPACKING pc=0x0000021307586e43 sp=0x0000001b21bfda20 mode 0
Event: 1.196 Thread 0x0000021376a5ff50 DEOPT PACKING pc=0x000002130003850c sp=0x0000001b21bfe590
Event: 1.196 Thread 0x0000021376a5ff50 DEOPT UNPACKING pc=0x0000021307586e43 sp=0x0000001b21bfda20 mode 0

Classes unloaded (0 events):
No events

Classes redefined (0 events):
No events

Internal exceptions (9 events):
Event: 0.297 Thread 0x0000021376a5ff50 Exception <a 'java/lang/NoSuchMethodError'{0x00000000eacb4f18}: 'void java.lang.invoke.DirectMethodHandle$Holder.invokeStatic(java.lang.Object, java.lang.Object, java.lang.Object)'> (0x00000000eacb4f18) 
thrown [s\src\hotspot\share\interpreter\linkResolver.cpp, line 759]
Event: 0.722 Thread 0x0000021376a5ff50 Exception <a 'java/lang/reflect/InvocationTargetException'{0x00000000eafe7268}> (0x00000000eafe7268) 
thrown [s\src\hotspot\share\runtime\reflection.cpp, line 1121]
Event: 1.163 Thread 0x0000021376a5ff50 Exception <a 'java/lang/ClassNotFoundException'{0x00000000eb860c40}: sun/net/www/protocol/c/Handler> (0x00000000eb860c40) 
thrown [s\src\hotspot\share\classfile\systemDictionary.cpp, line 256]
Event: 1.168 Thread 0x0000021376a5ff50 Exception <a 'java/io/FileNotFoundException'{0x00000000eb8787f0}> (0x00000000eb8787f0) 
thrown [s\src\hotspot\share\prims\jni.cpp, line 516]
Event: 1.169 Thread 0x0000021376a5ff50 Exception <a 'java/io/FileNotFoundException'{0x00000000eb879500}> (0x00000000eb879500) 
thrown [s\src\hotspot\share\prims\jni.cpp, line 516]
Event: 1.169 Thread 0x0000021376a5ff50 Exception <a 'java/io/FileNotFoundException'{0x00000000eb87a1f0}> (0x00000000eb87a1f0) 
thrown [s\src\hotspot\share\prims\jni.cpp, line 516]
Event: 1.170 Thread 0x0000021376a5ff50 Exception <a 'java/io/FileNotFoundException'{0x00000000eb87aeb0}> (0x00000000eb87aeb0) 
thrown [s\src\hotspot\share\prims\jni.cpp, line 516]
Event: 1.176 Thread 0x0000021376a5ff50 Implicit null exception at 0x0000021307af3172 to 0x0000021307af36c0
Event: 1.181 Thread 0x0000021376a5ff50 Exception <a 'java/io/FileNotFoundException'{0x00000000eb8b5790}> (0x00000000eb8b5790) 
thrown [s\src\hotspot\share\prims\jni.cpp, line 516]

VM Operations (10 events):
Event: 0.312 Executing VM operation: HandshakeAllThreads
Event: 0.312 Executing VM operation: HandshakeAllThreads done
Event: 0.514 Executing VM operation: HandshakeAllThreads
Event: 0.514 Executing VM operation: HandshakeAllThreads done
Event: 1.122 Executing VM operation: HandshakeAllThreads
Event: 1.122 Executing VM operation: HandshakeAllThreads done
Event: 1.122 Executing VM operation: Cleanup
Event: 1.122 Executing VM operation: Cleanup done
Event: 1.149 Executing VM operation: HandshakeAllThreads
Event: 1.149 Executing VM operation: HandshakeAllThreads done

Events (20 events):
Event: 1.170 loading class sun/net/www/MimeTable
Event: 1.170 loading class sun/net/www/MimeTable done
Event: 1.171 loading class sun/net/www/MimeTable$1
Event: 1.171 loading class sun/net/www/MimeTable$1 done
Event: 1.171 loading class sun/net/www/MimeTable$DefaultInstanceHolder
Event: 1.171 loading class sun/net/www/MimeTable$DefaultInstanceHolder done
Event: 1.171 loading class sun/net/www/MimeTable$DefaultInstanceHolder$1
Event: 1.171 loading class sun/net/www/MimeTable$DefaultInstanceHolder$1 done
Event: 1.174 loading class java/util/Properties$EntrySet
Event: 1.174 loading class java/util/Properties$EntrySet done
Event: 1.174 loading class java/util/Collections$SynchronizedSet
Event: 1.174 loading class java/util/Collections$SynchronizedCollection
Event: 1.175 loading class java/util/Collections$SynchronizedCollection done
Event: 1.175 loading class java/util/Collections$SynchronizedSet done
Event: 1.175 loading class java/util/Hashtable$Enumerator
Event: 1.175 loading class java/util/Hashtable$Enumerator done
Event: 1.175 loading class sun/net/www/MimeEntry
Event: 1.176 loading class sun/net/www/MimeEntry done
Event: 1.193 loading class java/io/RandomAccessFile$1
Event: 1.193 loading class java/io/RandomAccessFile$1 done


Dynamic libraries:
0x00007ff684b70000 - 0x00007ff684b7e000 	c:\Users\sindh\.vscode\extensions\redhat.java-1.28.1-win32-x64\jre\17.0.10-win32-x86_64\bin\java.exe
0x00007ffe52650000 - 0x00007ffe52866000 	C:\WINDOWS\SYSTEM32\ntdll.dll
0x00007ffe513b0000 - 0x00007ffe51474000 	C:\WINDOWS\System32\KERNEL32.DLL
0x00007ffe4fe80000 - 0x00007ffe50226000 	C:\WINDOWS\System32\KERNELBASE.dll
0x00007ffe4fcc0000 - 0x00007ffe4fdd1000 	C:\WINDOWS\System32\ucrtbase.dll
0x00007ffe0c970000 - 0x00007ffe0c98b000 	c:\Users\sindh\.vscode\extensions\redhat.java-1.28.1-win32-x64\jre\17.0.10-win32-x86_64\bin\VCRUNTIME140.dll
0x00007ffe0c920000 - 0x00007ffe0c937000 	c:\Users\sindh\.vscode\extensions\redhat.java-1.28.1-win32-x64\jre\17.0.10-win32-x86_64\bin\jli.dll
0x00007ffe51510000 - 0x00007ffe516bd000 	C:\WINDOWS\System32\USER32.dll
0x00007ffe4fde0000 - 0x00007ffe4fe06000 	C:\WINDOWS\System32\win32u.dll
0x00007ffe3e6f0000 - 0x00007ffe3e983000 	C:\WINDOWS\WinSxS\amd64_microsoft.windows.common-controls_6595b64144ccf1df_6.0.22621.3235_none_270f74e173860f98\COMCTL32.dll
0x00007ffe525e0000 - 0x00007ffe52609000 	C:\WINDOWS\System32\GDI32.dll
0x00007ffe510f0000 - 0x00007ffe51197000 	C:\WINDOWS\System32\msvcrt.dll
0x00007ffe4f990000 - 0x00007ffe4faa8000 	C:\WINDOWS\System32\gdi32full.dll
0x00007ffe4fab0000 - 0x00007ffe4fb4a000 	C:\WINDOWS\System32\msvcp_win.dll
0x00007ffe525a0000 - 0x00007ffe525d1000 	C:\WINDOWS\System32\IMM32.DLL
0x00007ffe35600000 - 0x00007ffe3560c000 	c:\Users\sindh\.vscode\extensions\redhat.java-1.28.1-win32-x64\jre\17.0.10-win32-x86_64\bin\vcruntime140_1.dll
0x00007ffde1930000 - 0x00007ffde19bd000 	c:\Users\sindh\.vscode\extensions\redhat.java-1.28.1-win32-x64\jre\17.0.10-win32-x86_64\bin\msvcp140.dll
0x00007ffd5fcf0000 - 0x00007ffd60952000 	c:\Users\sindh\.vscode\extensions\redhat.java-1.28.1-win32-x64\jre\17.0.10-win32-x86_64\bin\server\jvm.dll
0x00007ffe51a50000 - 0x00007ffe51b02000 	C:\WINDOWS\System32\ADVAPI32.dll
0x00007ffe51280000 - 0x00007ffe51328000 	C:\WINDOWS\System32\sechost.dll
0x00007ffe502b0000 - 0x00007ffe502d8000 	C:\WINDOWS\System32\bcrypt.dll
0x00007ffe50430000 - 0x00007ffe50545000 	C:\WINDOWS\System32\RPCRT4.dll
0x00007ffe4f860000 - 0x00007ffe4f8ad000 	C:\WINDOWS\SYSTEM32\POWRPROF.dll
0x00007ffe24dd0000 - 0x00007ffe24dd9000 	C:\WINDOWS\SYSTEM32\WSOCK32.dll
0x00007ffe503a0000 - 0x00007ffe50411000 	C:\WINDOWS\System32\WS2_32.dll
0x00007ffe47d00000 - 0x00007ffe47d34000 	C:\WINDOWS\SYSTEM32\WINMM.dll
0x00007ffe3eaa0000 - 0x00007ffe3eaaa000 	C:\WINDOWS\SYSTEM32\VERSION.dll
0x00007ffe4f840000 - 0x00007ffe4f853000 	C:\WINDOWS\SYSTEM32\UMPDC.dll
0x00007ffe4e970000 - 0x00007ffe4e988000 	C:\WINDOWS\SYSTEM32\kernel.appcore.dll
0x00007ffe32130000 - 0x00007ffe3213a000 	c:\Users\sindh\.vscode\extensions\redhat.java-1.28.1-win32-x64\jre\17.0.10-win32-x86_64\bin\jimage.dll
0x00007ffe3cfe0000 - 0x00007ffe3d213000 	C:\WINDOWS\SYSTEM32\DBGHELP.DLL
0x00007ffe516c0000 - 0x00007ffe51a48000 	C:\WINDOWS\System32\combase.dll
0x00007ffe511a0000 - 0x00007ffe51277000 	C:\WINDOWS\System32\OLEAUT32.dll
0x00007ffe31f20000 - 0x00007ffe31f52000 	C:\WINDOWS\SYSTEM32\dbgcore.DLL
0x00007ffe50230000 - 0x00007ffe502aa000 	C:\WINDOWS\System32\bcryptPrimitives.dll
0x00007ffe31ee0000 - 0x00007ffe31eee000 	c:\Users\sindh\.vscode\extensions\redhat.java-1.28.1-win32-x64\jre\17.0.10-win32-x86_64\bin\instrument.dll
0x00007ffdf3d90000 - 0x00007ffdf3db5000 	c:\Users\sindh\.vscode\extensions\redhat.java-1.28.1-win32-x64\jre\17.0.10-win32-x86_64\bin\java.dll
0x00007ffe04da0000 - 0x00007ffe04db8000 	c:\Users\sindh\.vscode\extensions\redhat.java-1.28.1-win32-x64\jre\17.0.10-win32-x86_64\bin\zip.dll
0x00007ffe50890000 - 0x00007ffe510ed000 	C:\WINDOWS\System32\SHELL32.dll
0x00007ffe4d8f0000 - 0x00007ffe4e1e8000 	C:\WINDOWS\SYSTEM32\windows.storage.dll
0x00007ffe4d7b0000 - 0x00007ffe4d8ee000 	C:\WINDOWS\SYSTEM32\wintypes.dll
0x00007ffe51cf0000 - 0x00007ffe51de3000 	C:\WINDOWS\System32\SHCORE.dll
0x00007ffe51b10000 - 0x00007ffe51b6e000 	C:\WINDOWS\System32\shlwapi.dll
0x00007ffe4f8c0000 - 0x00007ffe4f8e6000 	C:\WINDOWS\SYSTEM32\profapi.dll
0x00007ffe049e0000 - 0x00007ffe049f9000 	C:\Users\sindh\.vscode\extensions\redhat.java-1.28.1-win32-x64\jre\17.0.10-win32-x86_64\bin\net.dll
0x00007ffe49010000 - 0x00007ffe49147000 	C:\WINDOWS\SYSTEM32\WINHTTP.dll
0x00007ffe4ee50000 - 0x00007ffe4eeb9000 	C:\WINDOWS\system32\mswsock.dll
0x00007ffe01a30000 - 0x00007ffe01a46000 	C:\Users\sindh\.vscode\extensions\redhat.java-1.28.1-win32-x64\jre\17.0.10-win32-x86_64\bin\nio.dll
0x00007ffe31e40000 - 0x00007ffe31e50000 	c:\Users\sindh\.vscode\extensions\redhat.java-1.28.1-win32-x64\jre\17.0.10-win32-x86_64\bin\verify.dll

dbghelp: loaded successfully - version: 4.0.5 - missing functions: none
symbol engine: initialized successfully - sym options: 0x614 - pdb path: .;c:\Users\sindh\.vscode\extensions\redhat.java-1.28.1-win32-x64\jre\17.0.10-win32-x86_64\bin;C:\WINDOWS\SYSTEM32;C:\WINDOWS\WinSxS\amd64_microsoft.windows.common-controls_6595b64144ccf1df_6.0.22621.3235_none_270f74e173860f98;c:\Users\sindh\.vscode\extensions\redhat.java-1.28.1-win32-x64\jre\17.0.10-win32-x86_64\bin\server

VM Arguments:
jvm_args: --add-modules=ALL-SYSTEM --add-opens=java.base/java.util=ALL-UNNAMED --add-opens=java.base/java.lang=ALL-UNNAMED --add-opens=java.base/sun.nio.fs=ALL-UNNAMED -Declipse.application=org.eclipse.jdt.ls.core.id1 -Dosgi.bundles.defaultStartLevel=4 -Declipse.product=org.eclipse.jdt.ls.core.product -Djava.import.generatesMetadataFilesAtProjectRoot=false -DDetectVMInstallationsJob.disabled=true -Dfile.encoding=utf8 -XX:+UseParallelGC -XX:GCTimeRatio=4 -XX:AdaptiveSizePolicyWeight=90 -Dsun.zip.disableMemoryMapping=true -Xmx1G -Xms100m -Xlog:disable -javaagent:c:\Users\sindh\.vscode\extensions\redhat.java-1.28.1-win32-x64\lombok\lombok-1.18.31.jar 
java_command: c:\Users\sindh\.vscode\extensions\redhat.java-1.28.1-win32-x64\server\plugins\org.eclipse.equinox.launcher_1.6.700.v20231214-2017.jar -configuration c:\Users\sindh\AppData\Roaming\Code\User\globalStorage\redhat.java\1.28.1\config_ss_win -data c:\Users\sindh\AppData\Roaming\Code\User\workspaceStorage\5aef0781d2a4e58c8c391b6bab7d8f50\redhat.java\ss_ws --stdio
java_class_path (initial): c:\Users\sindh\.vscode\extensions\redhat.java-1.28.1-win32-x64\server\plugins\org.eclipse.equinox.launcher_1.6.700.v20231214-2017.jar
Launcher Type: SUN_STANDARD

[Global flags]
    uintx AdaptiveSizePolicyWeight                 = 90                                        {product} {command line}
     intx CICompilerCount                          = 4                                         {product} {ergonomic}
    uintx GCTimeRatio                              = 4                                         {product} {command line}
   size_t InitialHeapSize                          = 104857600                                 {product} {command line}
   size_t MaxHeapSize                              = 1073741824                                {product} {command line}
   size_t MaxNewSize                               = 357564416                                 {product} {ergonomic}
   size_t MinHeapDeltaBytes                        = 524288                                    {product} {ergonomic}
   size_t MinHeapSize                              = 104857600                                 {product} {command line}
   size_t NewSize                                  = 34603008                                  {product} {ergonomic}
    uintx NonNMethodCodeHeapSize                   = 5839372                                {pd product} {ergonomic}
    uintx NonProfiledCodeHeapSize                  = 122909434                              {pd product} {ergonomic}
   size_t OldSize                                  = 70254592                                  {product} {ergonomic}
    uintx ProfiledCodeHeapSize                     = 122909434                              {pd product} {ergonomic}
    uintx ReservedCodeCacheSize                    = 251658240                              {pd product} {ergonomic}
     bool SegmentedCodeCache                       = true                                      {product} {ergonomic}
   size_t SoftMaxHeapSize                          = 1073741824                             {manageable} {ergonomic}
     bool UseCompressedClassPointers               = true                           {product lp64_product} {ergonomic}
     bool UseCompressedOops                        = true                           {product lp64_product} {ergonomic}
     bool UseLargePagesIndividualAllocation        = false                                  {pd product} {ergonomic}
     bool UseParallelGC                            = true                                      {product} {command line}

Logging:
Log output configuration:
 #0: stdout all=off uptime,level,tags
 #1: stderr all=off uptime,level,tags

Environment Variables:
JAVA_HOME=C:\Program Files\BellSoft\LibericaJDK-17\
CLASSPATH=C:\Program Files\Eclipse Adoptium\jdk-17.0.4.101-hotspot\jdk-17.0.4.101-hotspot
PATH=C:\Program Files\BellSoft\LibericaJDK-17\bin\;C:\Program Files\Eclipse Adoptium\jdk-17.0.8.101-hotspot\bin;C:\Program Files\Zulu\zulu-17\bin\;C:\WINDOWS\system32;C:\WINDOWS;C:\WINDOWS\System32\Wbem;C:\WINDOWS\System32\WindowsPowerShell\v1.0\;C:\WINDOWS\System32\OpenSSH\;C:\Program Files\Intel\WiFi\bin\;C:\Program Files\Common Files\Intel\WirelessCommon\;C:\Program Files\PuTTY\;C:\Program Files\dotnet\;C:\Program Files\Microsoft SQL Server\Client SDK\ODBC\170\Tools\Binn\;C:\Program Files (x86)\Microsoft SQL Server\150\Tools\Binn\;C:\Program Files\Microsoft SQL Server\150\Tools\Binn\;C:\Program Files\Microsoft SQL Server\150\DTS\Binn\;C:\Program Files (x86)\Git\cmd;C:\Program Files\MySQL\MySQL Shell 8.0\bin\;C:\Users\sindh\bin;C:\adabas\bin;C:\adabas\pgm;C:\Users\sindh\AppData\Local\Microsoft\WindowsApps;C:\Users\sindh\.dotnet\tools;C:\Users\sindh\AppData\Local\Microsoft\WindowsApps;;C:\Users\sindh\AppData\Local\Programs\Microsoft VS Code\bin
USERNAME=sindh
OS=Windows_NT
PROCESSOR_IDENTIFIER=Intel64 Family 6 Model 142 Stepping 12, GenuineIntel
TMP=C:\Users\sindh\AppData\Local\Temp
TEMP=C:\Users\sindh\AppData\Local\Temp



Periodic native trim disabled


---------------  S Y S T E M  ---------------

OS:
 Windows 11 , 64 bit Build 22621 (10.0.22621.3235)
OS uptime: 0 days 18:38 hours

CPU: total 8 (initial active 8) (4 cores per cpu, 2 threads per core) family 6 model 142 stepping 12 microcode 0xf8, cx8, cmov, fxsr, ht, mmx, 3dnowpref, sse, sse2, sse3, ssse3, sse4.1, sse4.2, popcnt, lzcnt, tsc, tscinvbit, avx, avx2, aes, erms, clmul, bmi1, bmi2, adx, fma, vzeroupper, clflush, clflushopt
Processor Information for all 8 processors :
  Max Mhz: 1896, Current Mhz: 798, Mhz Limit: 796

Memory: 4k page, system-wide physical 16099M (3767M free)
TotalPageFile size 18210M (AvailPageFile size 2M)
current process WorkingSet (physical memory assigned to process): 61M, peak: 62M
current process commit charge ("private bytes"): 198M, peak: 199M

vm_info: OpenJDK 64-Bit Server VM (17.0.10+7) for windows-amd64 JRE (17.0.10+7), built on Jan 16 2024 23:25:11 by "admin" with MS VC++ 16.10 / 16.11 (VS2019)

END.
